    {
      "agent": {
        "type": "winlogbeat",
        "version": "8.13.2"
      },
      "observer": {
        "type": "edr",
        "vendor": "SyntheticLab",
        "product": "Synthetic Windows Sensor"
      },
      "ecs": {
        "version": "8.11.0"
      },
      "event": {
        "kind": "event",
        "category": [
          "authentication"
        ],
        "type": [
          "start"
        ],
        "outcome": "success",
        "provider": "Microsoft-Windows-Security-Auditing",
        "code": "4624",
        "action": "An account was successfully logged on",
        "sequence": 31
      },
      "@timestamp": "2024-05-16T09:02:11.0000Z",
      "winlog": {
        "channel": "Security",
        "provider_name": "Microsoft-Windows-Security-Auditing",
        "event_id": 4624,
        "record_id": 784221,
        "computer_name": "APP-02"
      },
      "host": {
        "name": "APP-02",
        "hostname": "APP-02",
        "os": {
          "type": "windows"
        }
      },
      "user": {
        "domain": "ACME",
        "name": "svc_backup"
      },
      "source": {
        "address": "WS-FIN-014",
        "ip": "10.10.5.41"
      },
      "logon": {
        "type": "RemoteInteractive",
        "id": "0x3e7"
      },
      "winlog.event_data": {
        "LogonType": "10",
        "AuthenticationPackageName": "Negotiate",
        "IpAddress": "10.10.5.41",
        "TargetUserName": "svc_backup",
        "TargetDomainName": "ACME"
      }
    },
    {
      "agent": {
        "type": "winlogbeat",
        "version": "8.13.2"
      },
      "observer": {
        "type": "edr",
        "vendor": "SyntheticLab",
        "product": "Synthetic Windows Sensor"
      },
      "ecs": {
        "version": "8.11.0"
      },
      "event": {
        "kind": "event",
        "category": [
          "process"
        ],
        "type": [
          "start"
        ],
        "outcome": "success",
        "provider": "Microsoft-Windows-Sysmon",
        "code": "1",
        "action": "Process Create",
        "sequence": 32
      },
      "@timestamp": "2024-05-16T09:05:34.0000Z",
      "log": {
        "level": "information"
      },
      "winlog": {
        "channel": "Microsoft-Windows-Sysmon/Operational",
        "provider_name": "Microsoft-Windows-Sysmon",
        "event_id": 1,
        "record_id": 920029,
        "computer_name": "APP-02"
      },
      "host": {
        "name": "APP-02",
        "hostname": "APP-02",
        "os": {
          "type": "windows"
        }
      },
      "user": {
        "domain": "ACME",
        "name": "svc_backup"
      },
      "process": {
        "entity_id": "APP-02-e5d4f659-c2a4-4c59-9ce5-21ea7a16a5b4",
        "executable": "C:\\Windows\\System32\\cmd.exe",
        "name": "cmd.exe",
        "command_line": "cmd.exe /c copy \\\\WS-FIN-014\\C$\\ProgramData\\sd.exe C:\\Windows\\Temp\\sd.exe",
        "pid": 3026,
        "parent": {
          "executable": "C:\\Windows\\explorer.exe",
          "name": "explorer.exe",
          "command_line": "C:\\Windows\\explorer.exe"
        }
      },
      "file": {
        "name": "sd.exe",
        "path": "C:\\Windows\\System32\\cmd.exe",
        "hash": {
          "md5": "2800a10c4afae44978d906b2abaed745",
          "sha1": "84019de427aef1f1e4f32b579767bee6d0bd1e64",
          "sha256": "c1173628f18f7430d792bbbefc6878bced4539c8080d518555d08683a3f1a835"
        }
      }
    },
    {
      "agent": {
        "type": "winlogbeat",
        "version": "8.13.2"
      },
      "observer": {
        "type": "edr",
        "vendor": "SyntheticLab",
        "product": "Synthetic Windows Sensor"
      },
      "ecs": {
        "version": "8.11.0"
      },
      "event": {
        "kind": "event",
        "category": [
          "process"
        ],
        "type": [
          "start"
        ],
        "outcome": "success",
        "provider": "Microsoft-Windows-Sysmon",
        "code": "1",
        "action": "Process Create",
        "sequence": 33
      },
      "@timestamp": "2024-05-16T09:09:11.0000Z",
      "log": {
        "level": "information"
      },
      "winlog": {
        "channel": "Microsoft-Windows-Sysmon/Operational",
        "provider_name": "Microsoft-Windows-Sysmon",
        "event_id": 1,
        "record_id": 920030,
        "computer_name": "APP-02"
      },
      "host": {
        "name": "APP-02",
        "hostname": "APP-02",
        "os": {
          "type": "windows"
        }
      },
      "user": {
        "domain": "ACME",
        "name": "svc_backup"
      },
      "process": {
        "entity_id": "APP-02-7d1f6f4f-6e11-41ec-ae8e-f9d38d924d9a",
        "executable": "C:\\Windows\\System32\\wmic.exe",
        "name": "wmic.exe",
        "command_line": "wmic.exe /node:FS-01 process call create \"cmd.exe /c C:\\Windows\\Temp\\WMI.bat\"",
        "pid": 2472,
        "parent": {
          "executable": "C:\\Windows\\System32\\cmd.exe",
          "name": "cmd.exe",
          "command_line": "C:\\Windows\\System32\\cmd.exe"
        }
      },
      "file": {
        "name": "WMI.bat",
        "path": "C:\\Windows\\System32\\wmic.exe",
        "hash": {
          "md5": "40852fde665eb9119fcc565bd68de680",
          "sha1": "956e020206c4dc4240537d07be022e86ed918ed1",
          "sha256": "578a2ac45e40a686a5f625bbc7873becd8eb9fe58ea07b1d318b93ee0d127d4e"
        }
      }
    },
    {
      "agent": {
        "type": "winlogbeat",
        "version": "8.13.2"
      },
      "observer": {
        "type": "edr",
        "vendor": "SyntheticLab",
        "product": "Synthetic Windows Sensor"
      },
      "ecs": {
        "version": "8.11.0"
      },
      "event": {
        "kind": "event",
        "category": [
          "process"
        ],
        "type": [
          "start"
        ],
        "outcome": "success",
        "provider": "Microsoft-Windows-Sysmon",
        "code": "1",
        "action": "Process Create",
        "sequence": 34
      },
      "@timestamp": "2024-05-16T09:10:02.0000Z",
      "log": {
        "level": "information"
      },
      "winlog": {
        "channel": "Microsoft-Windows-Sysmon/Operational",
        "provider_name": "Microsoft-Windows-Sysmon",
        "event_id": 1,
        "record_id": 920031,
        "computer_name": "FS-01"
      },
      "host": {
        "name": "FS-01",
        "hostname": "FS-01",
        "os": {
          "type": "windows"
        }
      },
      "user": {
        "domain": "ACME",
        "name": "svc_backup"
      },
      "process": {
        "entity_id": "FS-01-1306fda4-50c8-49b5-b73e-36346f44df7d",
        "executable": "C:\\Windows\\System32\\wsmprovhost.exe",
        "name": "wsmprovhost.exe",
        "command_line": "wsmprovhost.exe -Embedding",
        "pid": 6028,
        "parent": {
          "executable": "C:\\Windows\\System32\\svchost.exe",
          "name": "svchost.exe",
          "command_line": "C:\\Windows\\System32\\svchost.exe"
        }
      },
      "file": {}
    },
    {
      "agent": {
        "type": "winlogbeat",
        "version": "8.13.2"
      },
      "observer": {
        "type": "edr",
        "vendor": "SyntheticLab",
        "product": "Synthetic Windows Sensor"
      },
      "ecs": {
        "version": "8.11.0"
      },
      "event": {
        "kind": "event",
        "category": [
          "process"
        ],
        "type": [
          "start"
        ],
        "outcome": "success",
        "provider": "Microsoft-Windows-Sysmon",
        "code": "1",
        "action": "Process Create",
        "sequence": 35
      },
      "@timestamp": "2024-05-16T09:11:22.0000Z",
      "log": {
        "level": "information"
      },
      "winlog": {
        "channel": "Microsoft-Windows-Sysmon/Operational",
        "provider_name": "Microsoft-Windows-Sysmon",
        "event_id": 1,
        "record_id": 920050,
        "computer_name": "FS-01"
      },
      "host": {
        "name": "FS-01",
        "hostname": "FS-01",
        "os": {
          "type": "windows"
        }
      },
      "user": {
        "domain": "ACME",
        "name": "svc_backup"
      },
      "process": {
        "entity_id": "FS-01-69138761-e950-48ca-933a-bca0fd181667",
        "executable": "C:\\Windows\\System32\\svchost.exe",
        "name": "svchost.exe",
        "command_line": "C:\\Windows\\System32\\svchost.exe -k netsvcs -p",
        "pid": 6166,
        "parent": {
          "executable": "C:\\Windows\\System32\\services.exe",
          "name": "services.exe",
          "command_line": "C:\\Windows\\System32\\services.exe"
        }
      },
      "file": {}
    },
    {
      "agent": {
        "type": "winlogbeat",
        "version": "8.13.2"
      },
      "observer": {
        "type": "edr",
        "vendor": "SyntheticLab",
        "product": "Synthetic Windows Sensor"
      },
      "ecs": {
        "version": "8.11.0"
      },
      "event": {
        "kind": "event",
        "category": [
          "file"
        ],
        "type": [
          "creation"
        ],
        "outcome": "success",
        "provider": "Microsoft-Windows-Sysmon",
        "code": "11",
        "action": "File created",
        "sequence": 36
      },
      "@timestamp": "2024-05-16T09:13:56.0000Z",
      "winlog": {
        "channel": "Microsoft-Windows-Sysmon/Operational",
        "provider_name": "Microsoft-Windows-Sysmon",
        "event_id": 11,
        "record_id": 920032,
        "computer_name": "FS-01"
      },
      "host": {
        "name": "FS-01",
        "hostname": "FS-01",
        "os": {
          "type": "windows"
        }
      },
      "user": {
        "domain": "ACME",
        "name": "svc_backup"
      },
      "process": {
        "executable": "C:\\Windows\\System32\\cmd.exe",
        "name": "cmd.exe",
        "pid": 3502
      },
      "file": {
        "name": "COPY.bat",
        "path": "C:\\Windows\\Temp\\COPY.bat",
        "hash": {
          "md5": "6d44c5fb49258f285769e50830fc59af",
          "sha1": "da6771fbbcfaf195b80925cefc880794d62d61bf",
          "sha256": "3af3f2d08aa598ab4f448af1b01a5ad6c0f8e8982488ebf4e7ae7b166e027a8b"
        }
      }
    },
    {
      "agent": {
        "type": "winlogbeat",
        "version": "8.13.2"
      },
      "observer": {
        "type": "edr",
        "vendor": "SyntheticLab",
        "product": "Synthetic Windows Sensor"
      },
      "ecs": {
        "version": "8.11.0"
      },
      "event": {
        "kind": "event",
        "category": [
          "file"
        ],
        "type": [
          "creation"
        ],
        "outcome": "success",
        "provider": "Microsoft-Windows-Sysmon",
        "code": "11",
        "action": "File created",
        "sequence": 37
      },
      "@timestamp": "2024-05-16T09:14:40.0000Z",
      "winlog": {
        "channel": "Microsoft-Windows-Sysmon/Operational",
        "provider_name": "Microsoft-Windows-Sysmon",
        "event_id": 11,
        "record_id": 920033,
        "computer_name": "FS-01"
      },
      "host": {
        "name": "FS-01",
        "hostname": "FS-01",
        "os": {
          "type": "windows"
        }
      },
      "user": {
        "domain": "ACME",
        "name": "svc_backup"
      },
      "process": {
        "executable": "C:\\Windows\\System32\\cmd.exe",
        "name": "cmd.exe",
        "pid": 2731
      },
      "file": {
        "name": "COPY1.bat",
        "path": "C:\\Windows\\Temp\\COPY1.bat",
        "hash": {
          "md5": "b254f8f03e61bd9469df66c189d79871",
          "sha1": "45337ae989cd62d07059f867ce62ff6b6fc90819",
          "sha256": "9bcaad9184b182965923a141f52fb75ddd1975b99ab080869896cee5879ecfad"
        }
      }
    },
    {
      "agent": {
        "type": "winlogbeat",
        "version": "8.13.2"
      },
      "observer": {
        "type": "edr",
        "vendor": "SyntheticLab",
        "product": "Synthetic Windows Sensor"
      },
      "ecs": {
        "version": "8.11.0"
      },
      "event": {
        "kind": "event",
        "category": [
          "file"
        ],
        "type": [
          "creation"
        ],
        "outcome": "success",
        "provider": "Microsoft-Windows-Sysmon",
        "code": "11",
        "action": "File created",
        "sequence": 38
      },
      "@timestamp": "2024-05-16T09:17:30.0000Z",
      "winlog": {
        "channel": "Microsoft-Windows-Sysmon/Operational",
        "provider_name": "Microsoft-Windows-Sysmon",
        "event_id": 11,
        "record_id": 920034,
        "computer_name": "FS-01"
      },
      "host": {
        "name": "FS-01",
        "hostname": "FS-01",
        "os": {
          "type": "windows"
        }
      },
      "user": {
        "domain": "ACME",
        "name": "svc_backup"
      },
      "process": {
        "executable": "C:\\Windows\\System32\\cmd.exe",
        "name": "cmd.exe",
        "pid": 2629
      },
      "file": {
        "name": "ds.exe",
        "path": "C:\\Windows\\Temp\\ds.exe",
        "hash": {
          "md5": "71c8c1a0056fd084bc32a03d9245ad10",
          "sha1": "5de1f72ffeea1ecbd287b0ca8ddb2c5264d9acb5",
          "sha256": "59c9d10f06f8cb2049df39fb4870a81999fd3f8a79717df9b309fadeb5f26ef9"
        }
      }
    },
    {
      "agent": {
        "type": "winlogbeat",
        "version": "8.13.2"
      },
      "observer": {
        "type": "edr",
        "vendor": "SyntheticLab",
        "product": "Synthetic Windows Sensor"
      },
      "ecs": {
        "version": "8.11.0"
      },
      "event": {
        "kind": "event",
        "category": [
          "file"
        ],
        "type": [
          "creation"
        ],
        "outcome": "success",
        "provider": "Microsoft-Windows-Sysmon",
        "code": "11",
        "action": "File created",
        "sequence": 39
      },
      "@timestamp": "2024-05-16T09:18:27.0000Z",
      "winlog": {
        "channel": "Microsoft-Windows-Sysmon/Operational",
        "provider_name": "Microsoft-Windows-Sysmon",
        "event_id": 11,
        "record_id": 920035,
        "computer_name": "FS-01"
      },
      "host": {
        "name": "FS-01",
        "hostname": "FS-01",
        "os": {
          "type": "windows"
        }
      },
      "user": {
        "domain": "ACME",
        "name": "svc_backup"
      },
      "process": {
        "executable": "C:\\Windows\\System32\\cmd.exe",
        "name": "cmd.exe",
        "pid": 2891
      },
      "file": {
        "name": "SETUP.bat",
        "path": "C:\\Windows\\Temp\\SETUP.bat",
        "hash": {
          "md5": "d9adb3dd6df169e824b2867a2b8cba89",
          "sha1": "b077ea03b207cc8b8b48b9b4f9a58dabbd39f678",
          "sha256": "7673a949181e33ff8ed77d992a2826c25b8da333f9e03213ae3a72bb4e9a705d"
        }
      }
    },
    {
      "agent": {
        "type": "winlogbeat",
        "version": "8.13.2"
      },
      "observer": {
        "type": "edr",
        "vendor": "SyntheticLab",
        "product": "Synthetic Windows Sensor"
      },
      "ecs": {
        "version": "8.11.0"
      },
      "event": {
        "kind": "event",
        "category": [
          "file"
        ],
        "type": [
          "creation"
        ],
        "outcome": "success",
        "provider": "Microsoft-Windows-Sysmon",
        "code": "11",
        "action": "File created",
        "sequence": 40
      },
      "@timestamp": "2024-05-16T09:20:01.0000Z",
      "winlog": {
        "channel": "Microsoft-Windows-Sysmon/Operational",
        "provider_name": "Microsoft-Windows-Sysmon",
        "event_id": 11,
        "record_id": 920036,
        "computer_name": "FS-01"
      },
      "host": {
        "name": "FS-01",
        "hostname": "FS-01",
        "os": {
          "type": "windows"
        }
      },
      "user": {
        "domain": "ACME",
        "name": "svc_backup"
      },
      "process": {
        "executable": "C:\\Windows\\System32\\cmd.exe",
        "name": "cmd.exe",
        "pid": 4192
      },
      "file": {
        "name": "EXE.bat",
        "path": "C:\\Windows\\Temp\\EXE.bat",
        "hash": {
          "md5": "4457256150386acec794e9e8ee412691",
          "sha1": "c6d54322a17e754150e61f7caa91226a84b0b774",
          "sha256": "10ce939e4ee8b5285d84c7d694481ebbdf986904938d07f7576d733e830ed012"
        }
      }
    },
    {
      "agent": {
        "type": "winlogbeat",
        "version": "8.13.2"
      },
      "observer": {
        "type": "edr",
        "vendor": "SyntheticLab",
        "product": "Synthetic Windows Sensor"
      },
      "ecs": {
        "version": "8.11.0"
      },
      "event": {
        "kind": "event",
        "category": [
          "file"
        ],
        "type": [
          "creation"
        ],
        "outcome": "success",
        "provider": "Microsoft-Windows-Sysmon",
        "code": "11",
        "action": "File created",
        "sequence": 41
      },
      "@timestamp": "2024-05-16T09:20:42.0000Z",
      "winlog": {
        "channel": "Microsoft-Windows-Sysmon/Operational",
        "provider_name": "Microsoft-Windows-Sysmon",
        "event_id": 11,
        "record_id": 920037,
        "computer_name": "FS-01"
      },
      "host": {
        "name": "FS-01",
        "hostname": "FS-01",
        "os": {
          "type": "windows"
        }
      },
      "user": {
        "domain": "ACME",
        "name": "svc_backup"
      },
      "process": {
        "executable": "C:\\Windows\\System32\\cmd.exe",
        "name": "cmd.exe",
        "pid": 6588
      },
      "file": {
        "name": "EXE1.bat",
        "path": "C:\\Windows\\Temp\\EXE1.bat",
        "hash": {
          "md5": "573a213191985c555dd7e8de5f0a9cae",
          "sha1": "aa19a1648d680c3bfbee7dcc3df41ce98af8e121",
          "sha256": "ba9b879fdc304bd7f5554528fb8e858ef36ad4657fedfefb8495f43ce73fc6f1"
        }
      }
    },
    {
      "agent": {
        "type": "winlogbeat",
        "version": "8.13.2"
      },
      "observer": {
        "type": "edr",
        "vendor": "SyntheticLab",
        "product": "Synthetic Windows Sensor"
      },
      "ecs": {
        "version": "8.11.0"
      },
      "event": {
        "kind": "event",
        "category": [
          "file"
        ],
        "type": [
          "creation"
        ],
        "outcome": "success",
        "provider": "Microsoft-Windows-Sysmon",
        "code": "11",
        "action": "File created",
        "sequence": 42
      },
      "@timestamp": "2024-05-16T09:21:33.0000Z",
      "winlog": {
        "channel": "Microsoft-Windows-Sysmon/Operational",
        "provider_name": "Microsoft-Windows-Sysmon",
        "event_id": 11,
        "record_id": 920038,
        "computer_name": "FS-01"
      },
      "host": {
        "name": "FS-01",
        "hostname": "FS-01",
        "os": {
          "type": "windows"
        }
      },
      "user": {
        "domain": "ACME",
        "name": "svc_backup"
      },
      "process": {
        "executable": "C:\\Windows\\System32\\cmd.exe",
        "name": "cmd.exe",
        "pid": 5454
      },
      "file": {
        "name": "WMI1.bat",
        "path": "C:\\Windows\\Temp\\WMI1.bat",
        "hash": {
          "md5": "90f9044cfee2c678fe51abd098bdfe97",
          "sha1": "e3619582f4d81ca180dee161bbe49d499b237119",
          "sha256": "c4863cc28e01713e6a857b940873b0e5caedfd1fcb9b2a8d07ffb4c0c48379d5"
        }
      }
    },
    {
      "agent": {
        "type": "winlogbeat",
        "version": "8.13.2"
      },
      "observer": {
        "type": "edr",
        "vendor": "SyntheticLab",
        "product": "Synthetic Windows Sensor"
      },
      "ecs": {
        "version": "8.11.0"
      },
      "event": {
        "kind": "event",
        "category": [
          "file"
        ],
        "type": [
          "creation"
        ],
        "outcome": "success",
        "provider": "Microsoft-Windows-Sysmon",
        "code": "11",
        "action": "File created",
        "sequence": 43
      },
      "@timestamp": "2024-05-16T09:23:10.0000Z",
      "winlog": {
        "channel": "Microsoft-Windows-Sysmon/Operational",
        "provider_name": "Microsoft-Windows-Sysmon",
        "event_id": 11,
        "record_id": 920039,
        "computer_name": "FS-01"
      },
      "host": {
        "name": "FS-01",
        "hostname": "FS-01",
        "os": {
          "type": "windows"
        }
      },
      "user": {
        "domain": "ACME",
        "name": "svc_backup"
      },
      "process": {
        "executable": "C:\\Windows\\System32\\cmd.exe",
        "name": "cmd.exe",
        "pid": 6868
      },
      "file": {
        "name": "RDP.bat",
        "path": "C:\\Windows\\Temp\\RDP.bat",
        "hash": {
          "md5": "996ad32c7ae2190b7fa7876df0d7b717",
          "sha1": "4a1e667e0c3550f4446903570adbe7776699d4ca",
          "sha256": "791157675ad77b0ae9feabd76f4b73754a7537b7a9a2cc74bd0924d65be680e1"
        }
      }
    },
    {
      "agent": {
        "type": "winlogbeat",
        "version": "8.13.2"
      },
      "observer": {
        "type": "edr",
        "vendor": "SyntheticLab",
        "product": "Synthetic Windows Sensor"
      },
      "ecs": {
        "version": "8.11.0"
      },
      "event": {
        "kind": "event",
        "category": [
          "file"
        ],
        "type": [
          "creation"
        ],
        "outcome": "success",
        "provider": "Microsoft-Windows-Sysmon",
        "code": "11",
        "action": "File created",
        "sequence": 44
      },
      "@timestamp": "2024-05-16T09:23:51.0000Z",
      "winlog": {
        "channel": "Microsoft-Windows-Sysmon/Operational",
        "provider_name": "Microsoft-Windows-Sysmon",
        "event_id": 11,
        "record_id": 920040,
        "computer_name": "FS-01"
      },
      "host": {
        "name": "FS-01",
        "hostname": "FS-01",
        "os": {
          "type": "windows"
        }
      },
      "user": {
        "domain": "ACME",
        "name": "svc_backup"
      },
      "process": {
        "executable": "C:\\Windows\\System32\\cmd.exe",
        "name": "cmd.exe",
        "pid": 3161
      },
      "file": {
        "name": "DEF.bat",
        "path": "C:\\Windows\\Temp\\DEF.bat",
        "hash": {
          "md5": "4794accd22271a28547fb3613ee79218",
          "sha1": "ccc6b5bf9591fa9a3d57fd48ee0c9c49a6d22da9",
          "sha256": "53828f56c6894a468a091c8858d2e29144b68d5de8ff1d69a567e97aac996026"
        }
      }
    },
    {
      "agent": {
        "type": "winlogbeat",
        "version": "8.13.2"
      },
      "observer": {
        "type": "edr",
        "vendor": "SyntheticLab",
        "product": "Synthetic Windows Sensor"
      },
      "ecs": {
        "version": "8.11.0"
      },
      "event": {
        "kind": "event",
        "category": [
          "file"
        ],
        "type": [
          "creation"
        ],
        "outcome": "success",
        "provider": "Microsoft-Windows-Sysmon",
        "code": "11",
        "action": "File created",
        "sequence": 45
      },
      "@timestamp": "2024-05-16T09:24:28.0000Z",
      "winlog": {
        "channel": "Microsoft-Windows-Sysmon/Operational",
        "provider_name": "Microsoft-Windows-Sysmon",
        "event_id": 11,
        "record_id": 920041,
        "computer_name": "FS-01"
      },
      "host": {
        "name": "FS-01",
        "hostname": "FS-01",
        "os": {
          "type": "windows"
        }
      },
      "user": {
        "domain": "ACME",
        "name": "svc_backup"
      },
      "process": {
        "executable": "C:\\Windows\\System32\\cmd.exe",
        "name": "cmd.exe",
        "pid": 3117
      },
      "file": {
        "name": "check.exe",
        "path": "C:\\Windows\\Temp\\check.exe",
        "hash": {
          "md5": "6e91c474d90546845b1f3f9e7a33411a",
          "sha1": "9352236ad6fe8835979cf11ba5033f8f2fef0f19",
          "sha256": "3f97e112f0c5ddf0255ef461746a223208dc0846bde2a6dca9c825d9c706a4e9"
        }
      }
    },
    {
      "agent": {
        "type": "winlogbeat",
        "version": "8.13.2"
      },
      "observer": {
        "type": "edr",
        "vendor": "SyntheticLab",
        "product": "Synthetic Windows Sensor"
      },
      "ecs": {
        "version": "8.11.0"
      },
      "event": {
        "kind": "event",
        "category": [
          "process"
        ],
        "type": [
          "start"
        ],
        "outcome": "success",
        "provider": "Microsoft-Windows-Sysmon",
        "code": "1",
        "action": "Process Create",
        "sequence": 46
      },
      "@timestamp": "2024-05-16T09:25:27.0000Z",
      "log": {
        "level": "information"
      },
      "winlog": {
        "channel": "Microsoft-Windows-Sysmon/Operational",
        "provider_name": "Microsoft-Windows-Sysmon",
        "event_id": 1,
        "record_id": 920042,
        "computer_name": "FS-01"
      },
      "host": {
        "name": "FS-01",
        "hostname": "FS-01",
        "os": {
          "type": "windows"
        }
      },
      "user": {
        "domain": "ACME",
        "name": "svc_backup"
      },
      "process": {
        "entity_id": "FS-01-e4a2ae9f-5007-479d-be2a-a092d614f326",
        "executable": "C:\\Windows\\System32\\cmd.exe",
        "name": "cmd.exe",
        "command_line": "cmd.exe /c sc stop WinDefend & powershell Set-MpPreference -DisableRealtimeMonitoring $true",
        "pid": 2793,
        "parent": {
          "executable": "C:\\Windows\\Temp\\DEF.bat",
          "name": "DEF.bat",
          "command_line": "C:\\Windows\\Temp\\DEF.bat"
        }
      },
      "file": {}
    },
    {
      "agent": {
        "type": "winlogbeat",
        "version": "8.13.2"
      },
      "observer": {
        "type": "edr",
        "vendor": "SyntheticLab",
        "product": "Synthetic Windows Sensor"
      },
      "ecs": {
        "version": "8.11.0"
      },
      "event": {
        "kind": "event",
        "category": [
          "network"
        ],
        "type": [
          "connection"
        ],
        "outcome": "success",
        "provider": "Microsoft-Windows-Sysmon",
        "code": "3",
        "action": "Network connection detected",
        "sequence": 47
      },
      "@timestamp": "2024-05-16T09:31:33.0000Z",
      "winlog": {
        "channel": "Microsoft-Windows-Sysmon/Operational",
        "provider_name": "Microsoft-Windows-Sysmon",
        "event_id": 3,
        "record_id": 920043,
        "computer_name": "FS-01"
      },
      "host": {
        "name": "FS-01",
        "hostname": "FS-01",
        "os": {
          "type": "windows"
        }
      },
      "user": {
        "domain": "ACME",
        "name": "svc_backup"
      },
      "process": {
        "executable": "C:\\Windows\\System32\\ftp.exe",
        "name": "ftp.exe",
        "pid": 7510
      },
      "source": {
        "ip": "10.10.19.217",
        "port": 49546
      },
      "destination": {
        "ip": "93.115.26[.]127",
        "port": 21
      },
      "network": {
        "transport": "tcp",
        "protocol": "tcp",
        "direction": "egress"
      }
    },
    {
      "agent": {
        "type": "winlogbeat",
        "version": "8.13.2"
      },
      "observer": {
        "type": "edr",
        "vendor": "SyntheticLab",
        "product": "Synthetic Windows Sensor"
      },
      "ecs": {
        "version": "8.11.0"
      },
      "event": {
        "kind": "event",
        "category": [
          "network"
        ],
        "type": [
          "connection"
        ],
        "outcome": "success",
        "provider": "Microsoft-Windows-Sysmon",
        "code": "3",
        "action": "Network connection detected",
        "sequence": 48
      },
      "@timestamp": "2024-05-16T09:34:52.0000Z",
      "winlog": {
        "channel": "Microsoft-Windows-Sysmon/Operational",
        "provider_name": "Microsoft-Windows-Sysmon",
        "event_id": 3,
        "record_id": 920044,
        "computer_name": "APP-02"
      },
      "host": {
        "name": "APP-02",
        "hostname": "APP-02",
        "os": {
          "type": "windows"
        }
      },
      "user": {
        "domain": "ACME",
        "name": "svc_backup"
      },
      "process": {
        "executable": "C:\\Windows\\System32\\ftp.exe",
        "name": "ftp.exe",
        "pid": 7285
      },
      "source": {
        "ip": "10.10.16.25",
        "port": 60152
      },
      "destination": {
        "ip": "46.21.250[.]52",
        "port": 21
      },
      "network": {
        "transport": "tcp",
        "protocol": "tcp",
        "direction": "egress"
      }
    },
    {
      "agent": {
        "type": "winlogbeat",
        "version": "8.13.2"
      },
      "observer": {
        "type": "edr",
        "vendor": "SyntheticLab",
        "product": "Synthetic Windows Sensor"
      },
      "ecs": {
        "version": "8.11.0"
      },
      "event": {
        "kind": "event",
        "category": [
          "network"
        ],
        "type": [
          "connection"
        ],
        "outcome": "success",
        "provider": "Microsoft-Windows-Sysmon",
        "code": "3",
        "action": "Network connection detected",
        "sequence": 49
      },
      "@timestamp": "2024-05-16T09:39:24.0000Z",
      "winlog": {
        "channel": "Microsoft-Windows-Sysmon/Operational",
        "provider_name": "Microsoft-Windows-Sysmon",
        "event_id": 3,
        "record_id": 920045,
        "computer_name": "FS-01"
      },
      "host": {
        "name": "FS-01",
        "hostname": "FS-01",
        "os": {
          "type": "windows"
        }
      },
      "user": {
        "domain": "ACME",
        "name": "svc_backup"
      },
      "process": {
        "executable": "C:\\Windows\\System32\\curl.exe",
        "name": "curl.exe",
        "pid": 7955
      },
      "source": {
        "ip": "10.10.18.234",
        "port": 58971
      },
      "destination": {
        "ip": "52.217.168.241",
        "port": 443,
        "domain": "s3.amazonaws.com"
      },
      "network": {
        "transport": "tcp",
        "protocol": "tcp",
        "direction": "egress"
      }
    },
    {
      "agent": {
        "type": "winlogbeat",
        "version": "8.13.2"
      },
      "observer": {
        "type": "edr",
        "vendor": "SyntheticLab",
        "product": "Synthetic Windows Sensor"
      },
      "ecs": {
        "version": "8.11.0"
      },
      "event": {
        "kind": "event",
        "category": [
          "process"
        ],
        "type": [
          "start"
        ],
        "outcome": "success",
        "provider": "Microsoft-Windows-Sysmon",
        "code": "1",
        "action": "Process Create",
        "sequence": 50
      },
      "@timestamp": "2024-05-16T09:43:22.0000Z",
      "log": {
        "level": "information"
      },
      "winlog": {
        "channel": "Microsoft-Windows-Sysmon/Operational",
        "provider_name": "Microsoft-Windows-Sysmon",
        "event_id": 1,
        "record_id": 920051,
        "computer_name": "FS-01"
      },
      "host": {
        "name": "FS-01",
        "hostname": "FS-01",
        "os": {
          "type": "windows"
        }
      },
      "user": {
        "domain": "ACME",
        "name": "svc_backup"
      },
      "process": {
        "entity_id": "FS-01-97268cce-9fa4-4278-ae9d-a9c26e5c4c9a",
        "executable": "C:\\Program Files\\7-Zip\\7z.exe",
        "name": "7z.exe",
        "command_line": "7z.exe a C:\\Backup\\daily_archive.7z D:\\Finance\\*.xlsx",
        "pid": 6024,
        "parent": {
          "executable": "C:\\Windows\\System32\\taskeng.exe",
          "name": "taskeng.exe",
          "command_line": "C:\\Windows\\System32\\taskeng.exe"
        }
      },
      "file": {}
    },
    {
      "agent": {
        "type": "winlogbeat",
        "version": "8.13.2"
      },
      "observer": {
        "type": "edr",
        "vendor": "SyntheticLab",
        "product": "Synthetic Windows Sensor"
      },
      "ecs": {
        "version": "8.11.0"
      },
      "event": {
        "kind": "event",
        "category": [
          "process"
        ],
        "type": [
          "start"
        ],
        "outcome": "success",
        "provider": "Microsoft-Windows-Sysmon",
        "code": "1",
        "action": "Process Create",
        "sequence": 51
      },
      "@timestamp": "2024-05-16T09:49:55.0000Z",
      "log": {
        "level": "information"
      },
      "winlog": {
        "channel": "Microsoft-Windows-Sysmon/Operational",
        "provider_name": "Microsoft-Windows-Sysmon",
        "event_id": 1,
        "record_id": 920046,
        "computer_name": "FS-01"
      },
      "host": {
        "name": "FS-01",
        "hostname": "FS-01",
        "os": {
          "type": "windows"
        }
      },
      "user": {
        "domain": "ACME",
        "name": "svc_backup"
      },
      "process": {
        "entity_id": "FS-01-4d890e7d-0b58-490c-85a1-ada5a5b9ff14",
        "executable": "C:\\Windows\\Temp\\check.exe",
        "name": "check.exe",
        "command_line": "C:\\Windows\\Temp\\check.exe -path D:\\Shares -encrypt",
        "pid": 2635,
        "parent": {
          "executable": "C:\\Windows\\System32\\cmd.exe",
          "name": "cmd.exe",
          "command_line": "C:\\Windows\\System32\\cmd.exe"
        }
      },
      "file": {
        "name": "check.exe",
        "path": "C:\\Windows\\Temp\\check.exe",
        "hash": {
          "md5": "6e91c474d90546845b1f3f9e7a33411a",
          "sha1": "9352236ad6fe8835979cf11ba5033f8f2fef0f19",
          "sha256": "3f97e112f0c5ddf0255ef461746a223208dc0846bde2a6dca9c825d9c706a4e9"
        }
      }
    }
  ]
}